[debug] [2021-02-04T01:26:44.240Z] ----------------------------------------------------------------------
[debug] [2021-02-04T01:26:44.249Z] Command:       C:\Program Files\nodejs\node.exe C:\Program Files\nodejs\node_modules\firebase-tools\lib\bin\firebase.js init
[debug] [2021-02-04T01:26:44.252Z] CLI Version:   9.3.0
[debug] [2021-02-04T01:26:44.253Z] Platform:      win32
[debug] [2021-02-04T01:26:44.253Z] Node Version:  v14.15.3
[debug] [2021-02-04T01:26:44.263Z] Time:          Wed Feb 03 2021 17:26:44 GMT-0800 (Pacific Standard Time)
[debug] [2021-02-04T01:26:44.264Z] ----------------------------------------------------------------------
[debug] [2021-02-04T01:26:44.264Z] 
[debug] [2021-02-04T01:26:44.283Z] > command requires scopes: ["email","openid","https://www.googleapis.com/auth/cloudplatformprojects.readonly","https://www.googleapis.com/auth/firebase","https://www.googleapis.com/auth/cloud-platform"]
[debug] [2021-02-04T01:26:44.284Z] > authorizing via signed-in user
[info] 
     ######## #### ########  ######## ########     ###     ######  ########
     ##        ##  ##     ## ##       ##     ##  ##   ##  ##       ##
     ######    ##  ########  ######   ########  #########  ######  ######
     ##        ##  ##    ##  ##       ##     ## ##     ##       ## ##
     ##       #### ##     ## ######## ########  ##     ##  ######  ########

You're about to initialize a Firebase project in this directory:

  C:\MYDATA\myapp\public

Before we get started, keep in mind:

  * You are currently outside your home directory

